<?xml version="1.0"?>
<!-- =================================================================================== -->
<!-- |    This document was autogenerated by xacro from /home/zzk/workspace/wsl_ws/robot_ws/src/robot_platform/install/ackbot/share/ackbot/robots/ackbot.urdf.xacro | -->
<!-- |    EDITING THIS FILE BY HAND IS NOT RECOMMENDED                                 | -->
<!-- =================================================================================== -->
<robot name="ackbot">

  <material name="wheel_material">
    <texture filename="file:///home/zzk/workspace/wsl_ws/robot_ws/src/robot_platform/install/ackbot/share/ackbot/robots/su7_bot/assets/script_rt_dials_race_001_baseColor.png"/>
  </material>

  <!-- Base Link -->
  <link name="base_link">
    <inertial>
      <origin rpy="0 0 0" xyz="0 0 0"/>
      <mass value="2000"/>
      <inertia ixx="1200" ixy="0" ixz="0" iyy="2500" iyz="0" izz="3000"/>
    </inertial>
    <visual name="base_link_visual">
      <origin rpy="0 0 0" xyz="1.545 0 0"/>
      <geometry>
        <mesh filename="file:///home/zzk/workspace/wsl_ws/robot_ws/src/robot_platform/install/ackbot/share/ackbot/robots/su7_bot/assets/car.dae"/>
      </geometry>
    </visual>
    <collision name="base_link_collision">
      <origin rpy="0 0 0" xyz="0 0 0"/>
      <geometry>
        <box size="5.24 1.5 0.47"/>
      </geometry>
    </collision>
  </link>

  <!-- Front Left Steering Link -->
  <link name="front_left_steering_link">
    <!--
    <inertial>
      <origin xyz="0 0 0" rpy="0 0 0"/>
      <mass value="5"/>
      <inertia ixx="0.012" ixy="0" ixz="0" iyy="0.025" iyz="0" izz="0.012"/>
    </inertial>
    -->
    <visual name="front_left_steering_link_visual">
      <origin rpy="1.5708 0 0" xyz="0 0 0"/>
      <geometry>
        <cylinder length="0.01" radius="0.1"/>
      </geometry>
    </visual>
  </link>

  <!-- Front Left Steering Joint -->
  <joint name="front_left_steering_joint" type="revolute">
    <parent link="base_link"/>
    <child link="front_left_steering_link"/>
    <origin rpy="0 0 0" xyz="2.99 0.833 -0.024"/>
    <axis xyz="0 0 1"/>
    <limit effort="1000000" lower="-0.6" upper="0.6" velocity="10000"/>
  </joint>

  <!-- Front Left Wheel Link -->
  <link name="front_left_wheel_link">
    <inertial>
      <origin rpy="0 0 0" xyz="0 0 0"/>
      <mass value="40"/>
      <inertia ixx="1.4" ixy="0" ixz="0" iyy="2.5" iyz="0" izz="1.4"/>
    </inertial>
    <visual name="front_left_wheel_link_visual">
      <origin rpy="0 0 0" xyz="0 0 0"/>
      <material name="wheel_material"/>
      <geometry>
        <mesh filename="file:///home/zzk/workspace/wsl_ws/robot_ws/src/robot_platform/install/ackbot/share/ackbot/robots/su7_bot/assets/wheel_l.dae"/>
      </geometry>
    </visual>
    <collision name="front_left_wheel_link_collision">
      <origin rpy="1.5708 0 0" xyz="0 0 0"/>
      <geometry>
        <cylinder length="0.35" radius="0.3"/>
      </geometry>
    </collision>
  </link>

  <!-- Front Left Wheel Joint -->
  <joint name="front_left_wheel_joint" type="continuous">
    <parent link="front_left_steering_link"/>
    <child link="front_left_wheel_link"/>
    <origin rpy="0 0 0" xyz="0 0 0"/>
    <axis xyz="0 1 0"/>
  </joint>

  <!-- Front Right Steering Link -->
  <link name="front_right_steering_link">
    <!--
    <inertial>
      <origin xyz="0 0 0" rpy="0 0 0"/>
      <mass value="5"/>
      <inertia ixx="0.012" ixy="0" ixz="0" iyy="0.025" iyz="0" izz="0.012"/>
    </inertial>
    -->
    <visual name="front_right_steering_link_visual">
      <origin rpy="1.5708 0 0" xyz="0 0 0"/>
      <geometry>
        <cylinder length="0.01" radius="0.1"/>
      </geometry>
    </visual>
  </link>

  <!-- Front Right Steering Joint -->
  <joint name="front_right_steering_joint" type="revolute">
    <parent link="base_link"/>
    <child link="front_right_steering_link"/>
    <origin rpy="0 0 0" xyz="2.99 -0.833 -0.024"/>
    <axis xyz="0 0 1"/>
    <limit effort="1000000" lower="-0.6" upper="0.6" velocity="10000"/>
  </joint>

  <!-- Front Right Wheel Link -->
  <link name="front_right_wheel_link">
    <inertial>
      <origin rpy="0 0 0" xyz="0 0 0"/>
      <mass value="40"/>
      <inertia ixx="1.4" ixy="0" ixz="0" iyy="2.5" iyz="0" izz="1.4"/>
    </inertial>
    <visual name="front_right_wheel_link_visual">
      <origin rpy="0 0 0" xyz="0 0 0"/>
      <material name="wheel_material"/>
      <geometry>
        <mesh filename="file:///home/zzk/workspace/wsl_ws/robot_ws/src/robot_platform/install/ackbot/share/ackbot/robots/su7_bot/assets/wheel_r.dae"/>
      </geometry>
    </visual>
    <collision name="front_right_wheel_link_collision">
      <origin rpy="1.5708 0 0" xyz="0 0 0"/>
      <geometry>
        <cylinder length="0.35" radius="0.3"/>
      </geometry>
    </collision>
  </link>

  <!-- Front Right Wheel Joint -->
  <joint name="front_right_wheel_joint" type="continuous">
    <parent link="front_right_steering_link"/>
    <child link="front_right_wheel_link"/>
    <origin rpy="0 0 0" xyz="0 0 0"/>
    <axis xyz="0 1 0"/>
  </joint>

  <!-- Rear Left Wheel Link -->
  <link name="rear_left_wheel_link">
    <inertial>
      <origin rpy="0 0 0" xyz="0 0 0"/>
      <mass value="40"/>
      <inertia ixx="1.4" ixy="0" ixz="0" iyy="2.5" iyz="0" izz="1.4"/>
    </inertial>
    <visual name="rear_left_wheel_link_visual">
      <origin rpy="0 0 0" xyz="0 0 0"/>
      <material name="wheel_material"/>
      <geometry>
        <mesh filename="file:///home/zzk/workspace/wsl_ws/robot_ws/src/robot_platform/install/ackbot/share/ackbot/robots/su7_bot/assets/wheel_l.dae"/>
      </geometry>
    </visual>
    <collision name="rear_left_wheel_link_collision">
      <origin rpy="1.5708 0 0" xyz="0 0 0"/>
      <geometry>
        <cylinder length="0.35" radius="0.3"/>
      </geometry>
    </collision>
  </link>

  <!-- Rear Left Wheel Joint -->
  <joint name="rear_left_wheel_joint" type="continuous">
    <parent link="base_link"/>
    <child link="rear_left_wheel_link"/>
    <origin rpy="0 0 0" xyz="0 0.833 -0.024"/>
    <axis xyz="0 1 0"/>
    <limit effort="5000" velocity="10000"/>
  </joint>

  <!-- Rear Right Wheel Link -->
  <link name="rear_right_wheel_link">
    <inertial>
      <origin rpy="0 0 0" xyz="0 0 0"/>
      <mass value="40"/>
      <inertia ixx="1.4" ixy="0" ixz="0" iyy="2.5" iyz="0" izz="1.4"/>
    </inertial>
    <visual name="rear_right_wheel_link_visual">
      <origin rpy="0 0 0" xyz="0 0 0"/>
      <material name="wheel_material"/>
      <geometry>
        <mesh filename="file:///home/zzk/workspace/wsl_ws/robot_ws/src/robot_platform/install/ackbot/share/ackbot/robots/su7_bot/assets/wheel_r.dae"/>
      </geometry>
    </visual>
    <collision name="rear_right_wheel_link_collision">
      <origin rpy="1.5708 0 0" xyz="0 0 0"/>
      <geometry>
        <cylinder length="0.35" radius="0.3"/>
      </geometry>
    </collision>
  </link>

  <!-- Rear Right Wheel Joint -->
  <joint name="rear_right_wheel_joint" type="continuous">
    <parent link="base_link"/>
    <child link="rear_right_wheel_link"/>
    <origin rpy="0 0 0" xyz="0 -0.833 -0.024"/>
    <axis xyz="0 1 0"/>
    <limit effort="5000" velocity="10000"/>
  </joint>

  <!-- ros2_control hardware interface -->
  <ros2_control name="ackbot_hardware_interface" type="system">
    <hardware>
      <plugin>ackbot/AckBotSystemHardware</plugin>
    </hardware>
    <joint name="rear_right_wheel_joint">
      <command_interface name="velocity"/>
      <state_interface name="position"/>
      <state_interface name="velocity"/>
    </joint>
    <joint name="rear_left_wheel_joint">
      <command_interface name="velocity"/>
      <state_interface name="position"/>
      <state_interface name="velocity"/>
    </joint>
    <joint name="front_right_steering_joint">
      <command_interface name="position"/>
      <state_interface name="position"/>
    </joint>
    <joint name="front_left_steering_joint">
      <command_interface name="position"/>
      <state_interface name="position"/>
    </joint>
    <joint name="front_right_wheel_joint">
      <command_interface name="velocity"/>
      <state_interface name="position"/>
      <state_interface name="velocity"/>
    </joint>
    <joint name="front_left_wheel_joint">
      <command_interface name="velocity"/>
      <state_interface name="position"/>
      <state_interface name="velocity"/>
    </joint>
  </ros2_control>

  <!--
  <gazebo>
    <plugin filename="libgazebo_ros2_control.so" name="gazebo_ros2_control">
      <parameters>$(find ackbot)/config/ackbot_controllers.yaml</parameters>
    </plugin>
  </gazebo>
  -->

</robot>